[umitbeyaz74.wixsite.com/sitem.html]
[static.parastorage.com/unpkg/core-js-bundle@3.2.1/minified.js]
[static.parastorage.com/unpkg/focus-within-polyfill@5.0.9/dist/focus-within-polyfill.js]
[polyfill.io/v3/polyfill.mind82c.js]
[browser.sentry-cdn.com/6.18.2/bundle.min.js]
[umitbeyaz74.wixsite.com/decodeURIComponent(e]
[backblue.gif]
[fade.gif]
[index.html]
[umitbeyaz74.wixsite.com/sitemap.xml]
[umitbeyaz74.wixsite.com/feed.xml]
[static.parastorage.com/services/wix-thunderbolt/dist/thunderbolt-commons.5a86a0c3.bundle.min.js]
[umitbeyaz74.wixsite.com/index.html]
[static.parastorage.com/services/wix-thunderbolt/dist/main.8898b400.bundle.min.js]
[static.parastorage.com/unpkg/lodash@4.17.21/lodash.min.js]
[static.parastorage.com/unpkg/react@16.14.0/umd/react.production.min.js]
[static.parastorage.com/services/tag-manager-client/1.705.0/siteTags.bundle.min.js]
[static.parastorage.com/services/wix-perf-measure/1.1058.0/wix-perf-measure.umd.min.js]
[static.parastorage.com/unpkg/react-dom@16.14.0/umd/react-dom.production.min.js]
[static.parastorage.com/services/editor-elements-library/dist/thunderbolt/media/sloppyframe.d2412ec4.png]
[static.wixstatic.com/media/48fe21_0fb8ac3a6b5044b6801ba1aea41a8375_mv2.png/v1/fill/w_49,h_30,al_c,q_85,usm_0.66_1.00_0.01,blur_2,enc_auto/48fe21_0fb8ac3a6b5044b6801ba1aea41a8375_mv2.png]
[static.wixstatic.com/media/62ca76613d8c4d4981e2aa9c31f84496.jpg/v1/fill/w_138,h_92,al_c,q_80,usm_0.66_1.00_0.01,blur_2,enc_auto/62ca76613d8c4d4981e2aa9c31f84496.jpg]
[umitbeyaz74.wixsite.com/media/emptystate.85a4add5.svg]
[static.wixstatic.com/media/48fe21_79c664c2a27a42ce9074dbc7ca20c68d_mv2.png/v1/fit/w_960,h_580,q_90/48fe21_79c664c2a27a42ce9074dbc7ca20c68d_mv2.png]
[static.wixstatic.com/media/48fe21_6891c73c445e439b9a3ca2b1afd8a152_mv2.png/v1/fit/w_960,h_579,q_90/48fe21_6891c73c445e439b9a3ca2b1afd8a152_mv2.png]
[static.wixstatic.com/media/48fe21_5c560c2851c9484c8a5b9bb591deb00e_mv2.jpg/v1/fit/w_480,h_480,q_30,blur_30/48fe21_5c560c2851c9484c8a5b9bb591deb00e_mv2.jpg]
[static.wixstatic.com/media/48fe21_5c560c2851c9484c8a5b9bb591deb00e_mv2.jpg/v1/fit/w_960,h_503,q_90/48fe21_5c560c2851c9484c8a5b9bb591deb00e_mv2.jpg]
[static.wixstatic.com/media/48fe21_93aa394fb48242a4a1096dba2098cf31_mv2.jpg/v1/fit/w_480,h_480,q_30,blur_30/48fe21_93aa394fb48242a4a1096dba2098cf31_mv2.jpg]
[static.wixstatic.com/media/48fe21_93aa394fb48242a4a1096dba2098cf31_mv2.jpg/v1/fit/w_960,h_467,q_90/48fe21_93aa394fb48242a4a1096dba2098cf31_mv2.jpg]
[static.wixstatic.com/media/48fe21_e0037d326a75420aaa3f34cdd7c40807_mv2.jpg/v1/fit/w_480,h_480,q_30,blur_30/48fe21_e0037d326a75420aaa3f34cdd7c40807_mv2.jpg]
[static.wixstatic.com/media/48fe21_e0037d326a75420aaa3f34cdd7c40807_mv2.jpg/v1/fit/w_960,h_462,q_90/48fe21_e0037d326a75420aaa3f34cdd7c40807_mv2.jpg]
[static.wixstatic.com/media/48fe21_2b45b5d7094b40a4b9dd53d996cb942a_mv2.jpg/v1/fit/w_480,h_480,q_30,blur_30/48fe21_2b45b5d7094b40a4b9dd53d996cb942a_mv2.jpg]
[static.wixstatic.com/media/48fe21_2b45b5d7094b40a4b9dd53d996cb942a_mv2.jpg/v1/fit/w_960,h_326,q_90/48fe21_2b45b5d7094b40a4b9dd53d996cb942a_mv2.jpg]
[static.wixstatic.com/media/48fe21_d4d9b65de4e84030ad4e177642f97438_mv2.jpg/v1/fit/w_480,h_480,q_30,blur_30/48fe21_d4d9b65de4e84030ad4e177642f97438_mv2.jpg]
[static.wixstatic.com/media/48fe21_d4d9b65de4e84030ad4e177642f97438_mv2.jpg/v1/fit/w_960,h_483,q_90/48fe21_d4d9b65de4e84030ad4e177642f97438_mv2.jpg]
[static.wixstatic.com/media/48fe21_e9e45fc4cf5b4e78b93ae10a1c52a08e_mv2.jpg/v1/fit/w_480,h_480,q_30,blur_30/48fe21_e9e45fc4cf5b4e78b93ae10a1c52a08e_mv2.jpg]
[static.wixstatic.com/media/48fe21_e9e45fc4cf5b4e78b93ae10a1c52a08e_mv2.jpg/v1/fit/w_960,h_472,q_90/48fe21_e9e45fc4cf5b4e78b93ae10a1c52a08e_mv2.jpg]
[static.wixstatic.com/media/48fe21_c752e0fcc58d465a92550fcf505aec49_mv2.jpg/v1/fit/w_480,h_480,q_30,blur_30/48fe21_c752e0fcc58d465a92550fcf505aec49_mv2.jpg]
[static.wixstatic.com/media/48fe21_c752e0fcc58d465a92550fcf505aec49_mv2.jpg/v1/fit/w_960,h_662,q_90/48fe21_c752e0fcc58d465a92550fcf505aec49_mv2.jpg]
[static.wixstatic.com/media/48fe21_ea1d39f4074e4d40a5fb5b2cb5f419de_mv2.jpg/v1/fit/w_480,h_480,q_30,blur_30/48fe21_ea1d39f4074e4d40a5fb5b2cb5f419de_mv2.jpg]
[static.wixstatic.com/media/48fe21_ea1d39f4074e4d40a5fb5b2cb5f419de_mv2.jpg/v1/fit/w_960,h_621,q_90/48fe21_ea1d39f4074e4d40a5fb5b2cb5f419de_mv2.jpg]
[static.wixstatic.com/media/48fe21_1b56a40caebe4a9ba02028ce708d83d6_mv2.jpg/v1/fit/w_480,h_480,q_30,blur_30/48fe21_1b56a40caebe4a9ba02028ce708d83d6_mv2.jpg]
[static.wixstatic.com/media/48fe21_1b56a40caebe4a9ba02028ce708d83d6_mv2.jpg/v1/fit/w_960,h_502,q_90/48fe21_1b56a40caebe4a9ba02028ce708d83d6_mv2.jpg]
[static.wixstatic.com/media/48fe21_a2e17c6f747742e883fdbcb4489ff661_mv2.jpg/v1/fit/w_480,h_480,q_30,blur_30/48fe21_a2e17c6f747742e883fdbcb4489ff661_mv2.jpg]
[static.wixstatic.com/media/48fe21_a2e17c6f747742e883fdbcb4489ff661_mv2.jpg/v1/fit/w_960,h_468,q_90/48fe21_a2e17c6f747742e883fdbcb4489ff661_mv2.jpg]
[static.wixstatic.com/media/48fe21_66fd1ddc205140bfb7b1a51cbde86215_mv2.jpg/v1/fit/w_480,h_480,q_30,blur_30/48fe21_66fd1ddc205140bfb7b1a51cbde86215_mv2.jpg]
[static.wixstatic.com/media/48fe21_66fd1ddc205140bfb7b1a51cbde86215_mv2.jpg/v1/fit/w_960,h_444,q_90/48fe21_66fd1ddc205140bfb7b1a51cbde86215_mv2.jpg]
[static.wixstatic.com/media/48fe21_a2729f181ff64345b2d47051a0ff0a62_mv2.jpg/v1/fit/w_480,h_480,q_30,blur_30/48fe21_a2729f181ff64345b2d47051a0ff0a62_mv2.jpg]
[static.wixstatic.com/media/48fe21_a2729f181ff64345b2d47051a0ff0a62_mv2.jpg/v1/fit/w_960,h_457,q_90/48fe21_a2729f181ff64345b2d47051a0ff0a62_mv2.jpg]
[umitbeyaz74.wixsite.com/sitem.html]
[umitbeyaz74.wixsite.com/decodeURIComponent(e.html]
[umitbeyaz74.wixsite.com/sitemap.html]
[umitbeyaz74.wixsite.com/feed.html]
[umitbeyaz74.wixsite.com/index.html]
[umitbeyaz74.wixsite.com/media/emptystate.85a4add5.html]
